#
# There is insufficient memory for the Java Runtime Environment to continue.
# Native memory allocation (malloc) failed to allocate 1048576 bytes for AllocateHeap
# Possible reasons:
#   The system is out of physical RAM or swap space
#   The process is running with CompressedOops enabled, and the Java Heap may be blocking the growth of the native heap
# Possible solutions:
#   Reduce memory load on the system
#   Increase physical memory or swap space
#   Check if swap backing store is full
#   Decrease Java heap size (-Xmx/-Xms)
#   Decrease number of Java threads
#   Decrease Java thread stack sizes (-Xss)
#   Set larger code cache with -XX:ReservedCodeCacheSize=
#   JVM is running with Zero Based Compressed Oops mode in which the Java heap is
#     placed in the first 32GB address space. The Java Heap base address is the
#     maximum limit for the native heap growth. Please use -XX:HeapBaseMinAddress
#     to set the Java Heap base and to place the Java Heap above 32GB virtual address.
# This output file may be truncated or incomplete.
#
#  Out of Memory Error (memory/allocation.inline.hpp:61), pid=6072, tid=0x0000000000000c3c
#
# JRE version:  (8.0_251-b08) (build )
# Java VM: Java HotSpot(TM) 64-Bit Server VM (25.251-b08 mixed mode windows-amd64 compressed oops)
# Failed to write core dump. Minidumps are not enabled by default on client versions of Windows
#

---------------  T H R E A D  ---------------

Current thread (0x000000000267e800):  JavaThread "Unknown thread" [_thread_in_vm, id=3132, stack(0x0000000002560000,0x0000000002660000)]

Stack: [0x0000000002560000,0x0000000002660000]
[error occurred during error reporting (printing stack bounds), id 0xc0000005]

Native frames: (J=compiled Java code, j=interpreted, Vv=VM code, C=native code)


---------------  P R O C E S S  ---------------

Java Threads: ( => current thread )

Other Threads:

=>0x000000000267e800 (exited) JavaThread "Unknown thread" [_thread_in_vm, id=3132, stack(0x0000000002560000,0x0000000002660000)]

VM state:not at safepoint (normal execution)

VM Mutex/Monitor currently owned by a thread: None

heap address: 0x00000006c1e00000, size: 4066 MB, Compressed Oops mode: Zero based, Oop shift amount: 3
Narrow klass base: 0x0000000000000000, Narrow klass shift: 3
Compressed class space size: 1073741824 Address: 0x00000007c0000000

Heap:
 PSYoungGen      total 76288K, used 1310K [0x000000076b500000, 0x0000000770a00000, 0x00000007c0000000)
  eden space 65536K, 2% used [0x000000076b500000,0x000000076b647af0,0x000000076f500000)
  from space 10752K, 0% used [0x000000076ff80000,0x000000076ff80000,0x0000000770a00000)
  to   space 10752K, 0% used [0x000000076f500000,0x000000076f500000,0x000000076ff80000)
 ParOldGen       total 175104K, used 0K [0x00000006c1e00000, 0x00000006cc900000, 0x000000076b500000)
  object space 175104K, 0% used [0x00000006c1e00000,0x00000006c1e00000,0x00000006cc900000)
 Metaspace       used 752K, capacity 4480K, committed 4480K, reserved 1056768K
  class space    used 76K, capacity 384K, committed 384K, reserved 1048576K

Card table byte_map: [0x0000000011b40000,0x0000000012340000] byte_map_base: 0x000000000e531000

Marking Bits: (ParMarkBitMap*) 0x000000007196af90
 Begin Bits: [0x0000000013090000, 0x0000000017018000)
 End Bits:   [0x0000000017018000, 0x000000001afa0000)

Polling page: 0x0000000000740000

CodeCache: size=245760Kb used=328Kb max_used=328Kb free=245431Kb
 bounds [0x0000000002780000, 0x00000000029f0000, 0x0000000011780000]
 total_blobs=58 nmethods=0 adapters=38
 compilation: enabled

Compilation events (0 events):
No events

GC Heap History (0 events):
No events

Deoptimization events (0 events):
No events

Classes redefined (0 events):
No events

Internal exceptions (0 events):
No events

Events (10 events):
Event: 0.029 loading class java/lang/Short
Event: 0.029 loading class java/lang/Short done
Event: 0.029 loading class java/lang/Integer
Event: 0.029 loading class java/lang/Integer done
Event: 0.029 loading class java/lang/Long
Event: 0.029 loading class java/lang/Long done
Event: 0.030 loading class java/lang/NullPointerException
Event: 0.030 loading class java/lang/NullPointerException done
Event: 0.030 loading class java/lang/ArithmeticException
Event: 0.030 loading class java/lang/ArithmeticException done


Dynamic libraries:
0x00007ff6d7610000 - 0x00007ff6d7647000 	C:\Program Files\Java\jre1.8.0_251\bin\javaw.exe
0x00007ffe19ce0000 - 0x00007ffe19ed0000 	C:\windows\SYSTEM32\ntdll.dll
0x00007ffe18680000 - 0x00007ffe18732000 	C:\windows\System32\KERNEL32.DLL
0x00007ffe16dc0000 - 0x00007ffe17064000 	C:\windows\System32\KERNELBASE.dll
0x00007ffe19830000 - 0x00007ffe198d3000 	C:\windows\System32\ADVAPI32.dll
0x00007ffe198e0000 - 0x00007ffe1997e000 	C:\windows\System32\msvcrt.dll
0x00007ffe18740000 - 0x00007ffe187d7000 	C:\windows\System32\sechost.dll
0x00007ffe19b80000 - 0x00007ffe19ca0000 	C:\windows\System32\RPCRT4.dll
0x00007ffe199e0000 - 0x00007ffe19b74000 	C:\windows\System32\USER32.dll
0x00007ffe17220000 - 0x00007ffe17241000 	C:\windows\System32\win32u.dll
0x00007ffe19800000 - 0x00007ffe19826000 	C:\windows\System32\GDI32.dll
0x00007ffe17bf0000 - 0x00007ffe17d84000 	C:\windows\System32\gdi32full.dll
0x00007ffe17150000 - 0x00007ffe171ee000 	C:\windows\System32\msvcp_win.dll
0x00007ffe16c70000 - 0x00007ffe16d6a000 	C:\windows\System32\ucrtbase.dll
0x00007ffdfb400000 - 0x00007ffdfb684000 	C:\windows\WinSxS\amd64_microsoft.windows.common-controls_6595b64144ccf1df_6.0.18362.836_none_e6c4b943130f18ed\COMCTL32.dll
0x00007ffe188e0000 - 0x00007ffe18c16000 	C:\windows\System32\combase.dll
0x00007ffe170d0000 - 0x00007ffe17150000 	C:\windows\System32\bcryptPrimitives.dll
0x00007ffe19630000 - 0x00007ffe1965e000 	C:\windows\System32\IMM32.DLL
0x0000000071060000 - 0x0000000071132000 	C:\Program Files\Java\jre1.8.0_251\bin\msvcr100.dll
0x0000000071140000 - 0x00000000719eb000 	C:\Program Files\Java\jre1.8.0_251\bin\server\jvm.dll
0x00007ffe08ed0000 - 0x00007ffe08ef4000 	C:\windows\SYSTEM32\WINMM.dll
0x00007ffe0e220000 - 0x00007ffe0e22a000 	C:\windows\SYSTEM32\VERSION.dll
0x00007ffe07880000 - 0x00007ffe07889000 	C:\windows\SYSTEM32\WSOCK32.dll
0x00007ffe18870000 - 0x00007ffe188df000 	C:\windows\System32\WS2_32.dll
0x00007ffe08d40000 - 0x00007ffe08d6d000 	C:\windows\SYSTEM32\winmmbase.dll
0x00007ffe16d70000 - 0x00007ffe16dba000 	C:\windows\System32\cfgmgr32.dll
0x00007ffe19660000 - 0x00007ffe19668000 	C:\windows\System32\PSAPI.DLL
0x00007ffdfecb0000 - 0x00007ffdfecbf000 	C:\Program Files\Java\jre1.8.0_251\bin\verify.dll
0x00007ffde0210000 - 0x00007ffde0239000 	C:\Program Files\Java\jre1.8.0_251\bin\java.dll
0x00007ffdf9260000 - 0x00007ffdf9276000 	C:\Program Files\Java\jre1.8.0_251\bin\zip.dll

VM Arguments:
jvm_args: -Dfile.encoding=Cp1252 
java_command: Visualizer
java_class_path (initial): C:\Users\hudspecj\git\CSSE230-Project\bin
Launcher Type: SUN_STANDARD

Environment Variables:
PATH=C:/Program Files/Java/jre1.8.0_251/bin/server;C:/Program Files/Java/jre1.8.0_251/bin;C:/Program Files/Java/jre1.8.0_251/lib/amd64;C:\Program Files (x86)\Common Files\Oracle\Java\javapath;C:\Program Files\VanDyke Software\Clients\;C:\windows\system32;C:\windows;C:\windows\System32\Wbem;C:\windows\System32\WindowsPowerShell\v1.0\;C:\windows\System32\OpenSSH\;C:\Program Files\MATLAB\R2019a\runtime\win64;C:\Program Files\MATLAB\R2019a\bin;C:\Program Files\Microsoft SQL Server\Client SDK\ODBC\110\Tools\Binn\;C:\Program Files (x86)\Microsoft SQL Server\120\Tools\Binn\;C:\Program Files\Microsoft SQL Server\120\Tools\Binn\;C:\Program Files\Microsoft SQL Server\120\DTS\Binn\;C:\Program Files (x86)\Windows Kits\8.1\Windows Performance Toolkit\;C:\Users\hudspecj\Downloads\;C:\Users\hudspecj\AppData\Local\Microsoft\WindowsApps;C:\Users\hudspecj\AppData\Local\Programs\Git\cmd;C:\Users\hudspecj\Desktop;
USERNAME=hudspecj
OS=Windows_NT
PROCESSOR_IDENTIFIER=Intel64 Family 6 Model 158 Stepping 9, GenuineIntel



---------------  S Y S T E M  ---------------

OS: Windows 10.0 , 64 bit Build 18362 (10.0.18362.778)

CPU:total 8 (initial active 8) (4 cores per cpu, 2 threads per core) family 6 model 158 stepping 9, cmov, cx8, fxsr, mmx, sse, sse2, sse3, ssse3, sse4.1, sse4.2, popcnt, avx, avx2, aes, clmul, erms, rtm, 3dnowpref, lzcnt, ht, tsc, tscinvbit, bmi1, bmi2, adx

Memory: 4k page, physical 16653520k(5874284k free), swap 36649880k(5156k free)

vm_info: Java HotSpot(TM) 64-Bit Server VM (25.251-b08) for windows-amd64 JRE (1.8.0_251-b08), built on Mar 12 2020 06:31:49 by "" with MS VC++ 10.0 (VS2010)

time: Fri May 22 01:57:08 2020
timezone: Eastern Daylight Time
elapsed time: 0 seconds (0d 0h 0m 0s)

