#
# There is insufficient memory for the Java Runtime Environment to continue.
# Native memory allocation (malloc) failed to allocate 32744 bytes for ChunkPool::allocate
# Possible reasons:
#   The system is out of physical RAM or swap space
#   The process is running with CompressedOops enabled, and the Java Heap may be blocking the growth of the native heap
# Possible solutions:
#   Reduce memory load on the system
#   Increase physical memory or swap space
#   Check if swap backing store is full
#   Decrease Java heap size (-Xmx/-Xms)
#   Decrease number of Java threads
#   Decrease Java thread stack sizes (-Xss)
#   Set larger code cache with -XX:ReservedCodeCacheSize=
#   JVM is running with Zero Based Compressed Oops mode in which the Java heap is
#     placed in the first 32GB address space. The Java Heap base address is the
#     maximum limit for the native heap growth. Please use -XX:HeapBaseMinAddress
#     to set the Java Heap base and to place the Java Heap above 32GB virtual address.
# This output file may be truncated or incomplete.
#
#  Out of Memory Error (allocation.cpp:272), pid=27440, tid=0x0000000000002718
#
# JRE version: Java(TM) SE Runtime Environment (8.0_251-b08) (build 1.8.0_251-b08)
# Java VM: Java HotSpot(TM) 64-Bit Server VM (25.251-b08 mixed mode windows-amd64 compressed oops)
# Failed to write core dump. Minidumps are not enabled by default on client versions of Windows
#

---------------  T H R E A D  ---------------

Current thread (0x000000001ec42000):  JavaThread "C1 CompilerThread3" daemon [_thread_in_native, id=10008, stack(0x000000001f6f0000,0x000000001f7f0000)]

Stack: [0x000000001f6f0000,0x000000001f7f0000]
[error occurred during error reporting (printing stack bounds), id 0xc0000005]

Native frames: (J=compiled Java code, j=interpreted, Vv=VM code, C=native code)


Current CompileTask:
C1:    142  159       3       jdk.internal.org.objectweb.asm.Frame::execute (2252 bytes)


---------------  P R O C E S S  ---------------

Java Threads: ( => current thread )
  0x000000001ecb8000 JavaThread "Service Thread" daemon [_thread_blocked, id=32172, stack(0x000000001f7f0000,0x000000001f8f0000)]
=>0x000000001ec42000 JavaThread "C1 CompilerThread3" daemon [_thread_in_native, id=10008, stack(0x000000001f6f0000,0x000000001f7f0000)]
  0x000000001ec26000 JavaThread "C2 CompilerThread2" daemon [_thread_blocked, id=10668, stack(0x000000001f5f0000,0x000000001f6f0000)]
  0x000000001ec22000 JavaThread "C2 CompilerThread1" daemon [_thread_blocked, id=24792, stack(0x000000001f4f0000,0x000000001f5f0000)]
  0x000000001ec1b000 JavaThread "C2 CompilerThread0" daemon [_thread_blocked, id=32712, stack(0x000000001f3f0000,0x000000001f4f0000)]
  0x000000001ec19000 JavaThread "Attach Listener" daemon [_thread_blocked, id=28428, stack(0x000000001f2f0000,0x000000001f3f0000)]
  0x000000001ec18000 JavaThread "Signal Dispatcher" daemon [_thread_blocked, id=32532, stack(0x000000001f1f0000,0x000000001f2f0000)]
  0x000000001ec10800 JavaThread "Finalizer" daemon [_thread_blocked, id=28508, stack(0x000000001eff0000,0x000000001f0f0000)]
  0x00000000032f9000 JavaThread "Reference Handler" daemon [_thread_blocked, id=17260, stack(0x000000001eaf0000,0x000000001ebf0000)]
  0x00000000031fe800 JavaThread "main" [_thread_in_vm, id=29116, stack(0x0000000003090000,0x0000000003190000)]

Other Threads:
  0x000000001cd0a000 VMThread [stack: 0x000000001e9f0000,0x000000001eaf0000] [id=15260]
  0x000000001ecd7000 WatcherThread [stack: 0x000000001f8f0000,0x000000001f9f0000] [id=30220]

VM state:not at safepoint (normal execution)

VM Mutex/Monitor currently owned by a thread: None

heap address: 0x00000006c1e00000, size: 4066 MB, Compressed Oops mode: Zero based, Oop shift amount: 3
Narrow klass base: 0x0000000000000000, Narrow klass shift: 3
Compressed class space size: 1073741824 Address: 0x00000007c0000000

Heap:
 PSYoungGen      total 76288K, used 3932K [0x000000076b500000, 0x0000000770a00000, 0x00000007c0000000)
  eden space 65536K, 6% used [0x000000076b500000,0x000000076b8d70c8,0x000000076f500000)
  from space 10752K, 0% used [0x000000076ff80000,0x000000076ff80000,0x0000000770a00000)
  to   space 10752K, 0% used [0x000000076f500000,0x000000076f500000,0x000000076ff80000)
 ParOldGen       total 175104K, used 0K [0x00000006c1e00000, 0x00000006cc900000, 0x000000076b500000)
  object space 175104K, 0% used [0x00000006c1e00000,0x00000006c1e00000,0x00000006cc900000)
 Metaspace       used 3852K, capacity 4672K, committed 4992K, reserved 1056768K
  class space    used 446K, capacity 513K, committed 640K, reserved 1048576K

Card table byte_map: [0x00000000126c0000,0x0000000012ec0000] byte_map_base: 0x000000000f0b1000

Marking Bits: (ParMarkBitMap*) 0x000000007196af90
 Begin Bits: [0x0000000013c10000, 0x0000000017b98000)
 End Bits:   [0x0000000017b98000, 0x000000001bb20000)

Polling page: 0x0000000001250000

CodeCache: size=245760Kb used=1319Kb max_used=1331Kb free=244440Kb
 bounds [0x0000000003300000, 0x0000000003570000, 0x0000000012300000]
 total_blobs=432 nmethods=169 adapters=177
 compilation: enabled

Compilation events (10 events):
Event: 0.133 Thread 0x000000001ec42000  151       3       java.util.Arrays$ArrayList::size (6 bytes)
Event: 0.134 Thread 0x000000001ec42000 nmethod 151 0x0000000003447090 code [0x00000000034471e0, 0x0000000003447350]
Event: 0.134 Thread 0x000000001ec42000  153       1       java.lang.invoke.MethodHandle::type (5 bytes)
Event: 0.134 Thread 0x000000001ec42000 nmethod 153 0x0000000003447410 code [0x0000000003447560, 0x0000000003447670]
Event: 0.134 Thread 0x000000001ec42000  156       3       jdk.internal.org.objectweb.asm.ClassWriter::addType (39 bytes)
Event: 0.134 Thread 0x000000001ec42000 nmethod 156 0x00000000034479d0 code [0x0000000003447b60, 0x0000000003447e68]
Event: 0.134 Thread 0x000000001ec42000  155       3       java.lang.invoke.LambdaForm$NamedFunction::methodType (23 bytes)
Event: 0.134 Thread 0x000000001ec42000 nmethod 155 0x0000000003447f90 code [0x0000000003448100, 0x0000000003448408]
Event: 0.134 Thread 0x000000001ec42000  159       3       jdk.internal.org.objectweb.asm.Frame::execute (2252 bytes)
Event: 0.137 Thread 0x000000001ec1b000  174       4       jdk.internal.org.objectweb.asm.ByteVector::putUTF8 (142 bytes)

GC Heap History (0 events):
No events

Deoptimization events (0 events):
No events

Classes redefined (0 events):
No events

Internal exceptions (9 events):
Event: 0.039 Thread 0x00000000031fe800 Exception <a 'java/lang/NoSuchMethodError': Method sun.misc.Unsafe.defineClass(Ljava/lang/String;[BII)Ljava/lang/Class; name or signature does not match> (0x000000076b507cc0) thrown at [C:\jenkins\workspace\8-2-build-windows-amd64-cygwin\jdk8u251\737\hots
Event: 0.039 Thread 0x00000000031fe800 Exception <a 'java/lang/NoSuchMethodError': Method sun.misc.Unsafe.prefetchRead(Ljava/lang/Object;J)V name or signature does not match> (0x000000076b507fa8) thrown at [C:\jenkins\workspace\8-2-build-windows-amd64-cygwin\jdk8u251\737\hotspot\src\share\vm\p
Event: 0.100 Thread 0x00000000031fe800 Exception <a 'java/security/PrivilegedActionException'> (0x000000076b580640) thrown at [C:\jenkins\workspace\8-2-build-windows-amd64-cygwin\jdk8u251\737\hotspot\src\share\vm\prims\jvm.cpp, line 1502]
Event: 0.100 Thread 0x00000000031fe800 Exception <a 'java/security/PrivilegedActionException'> (0x000000076b580850) thrown at [C:\jenkins\workspace\8-2-build-windows-amd64-cygwin\jdk8u251\737\hotspot\src\share\vm\prims\jvm.cpp, line 1502]
Event: 0.101 Thread 0x00000000031fe800 Exception <a 'java/security/PrivilegedActionException'> (0x000000076b5844c0) thrown at [C:\jenkins\workspace\8-2-build-windows-amd64-cygwin\jdk8u251\737\hotspot\src\share\vm\prims\jvm.cpp, line 1502]
Event: 0.101 Thread 0x00000000031fe800 Exception <a 'java/security/PrivilegedActionException'> (0x000000076b5846d0) thrown at [C:\jenkins\workspace\8-2-build-windows-amd64-cygwin\jdk8u251\737\hotspot\src\share\vm\prims\jvm.cpp, line 1502]
Event: 0.105 Thread 0x00000000031fe800 Exception <a 'java/io/FileNotFoundException'> (0x000000076b586940) thrown at [C:\jenkins\workspace\8-2-build-windows-amd64-cygwin\jdk8u251\737\hotspot\src\share\vm\prims\jni.cpp, line 710]
Event: 0.136 Thread 0x00000000031fe800 Exception <a 'java/lang/NoSuchFieldError': method resolution failed> (0x000000076b79fb08) thrown at [C:\jenkins\workspace\8-2-build-windows-amd64-cygwin\jdk8u251\737\hotspot\src\share\vm\prims\methodHandles.cpp, line 1167]
Event: 0.137 Thread 0x00000000031fe800 Exception <a 'java/lang/NoSuchFieldError': method resolution failed> (0x000000076b7aced8) thrown at [C:\jenkins\workspace\8-2-build-windows-amd64-cygwin\jdk8u251\737\hotspot\src\share\vm\prims\methodHandles.cpp, line 1167]

Events (10 events):
Event: 0.125 loading class java/lang/invoke/WrongMethodTypeException
Event: 0.126 loading class java/lang/invoke/WrongMethodTypeException done
Event: 0.127 loading class java/lang/invoke/MethodHandleImpl$Lazy
Event: 0.127 loading class java/lang/invoke/MethodHandleImpl$Lazy done
Event: 0.128 loading class java/lang/invoke/MethodHandleImpl$IntrinsicMethodHandle
Event: 0.128 loading class java/lang/invoke/MethodHandleImpl$IntrinsicMethodHandle done
Event: 0.136 loading class java/lang/NoSuchFieldError
Event: 0.136 loading class java/lang/NoSuchFieldError done
Event: 0.136 loading class java/lang/IllegalAccessException
Event: 0.136 loading class java/lang/IllegalAccessException done


Dynamic libraries:
0x00007ff6d7610000 - 0x00007ff6d7647000 	C:\Program Files\Java\jre1.8.0_251\bin\javaw.exe
0x00007ffe19ce0000 - 0x00007ffe19ed0000 	C:\windows\SYSTEM32\ntdll.dll
0x00007ffe18680000 - 0x00007ffe18732000 	C:\windows\System32\KERNEL32.DLL
0x00007ffe16dc0000 - 0x00007ffe17064000 	C:\windows\System32\KERNELBASE.dll
0x00007ffe19830000 - 0x00007ffe198d3000 	C:\windows\System32\ADVAPI32.dll
0x00007ffe198e0000 - 0x00007ffe1997e000 	C:\windows\System32\msvcrt.dll
0x00007ffe18740000 - 0x00007ffe187d7000 	C:\windows\System32\sechost.dll
0x00007ffe19b80000 - 0x00007ffe19ca0000 	C:\windows\System32\RPCRT4.dll
0x00007ffe199e0000 - 0x00007ffe19b74000 	C:\windows\System32\USER32.dll
0x00007ffe17220000 - 0x00007ffe17241000 	C:\windows\System32\win32u.dll
0x00007ffe19800000 - 0x00007ffe19826000 	C:\windows\System32\GDI32.dll
0x00007ffe17bf0000 - 0x00007ffe17d84000 	C:\windows\System32\gdi32full.dll
0x00007ffe17150000 - 0x00007ffe171ee000 	C:\windows\System32\msvcp_win.dll
0x00007ffe16c70000 - 0x00007ffe16d6a000 	C:\windows\System32\ucrtbase.dll
0x00007ffdfb400000 - 0x00007ffdfb684000 	C:\windows\WinSxS\amd64_microsoft.windows.common-controls_6595b64144ccf1df_6.0.18362.836_none_e6c4b943130f18ed\COMCTL32.dll
0x00007ffe188e0000 - 0x00007ffe18c16000 	C:\windows\System32\combase.dll
0x00007ffe170d0000 - 0x00007ffe17150000 	C:\windows\System32\bcryptPrimitives.dll
0x00007ffe19630000 - 0x00007ffe1965e000 	C:\windows\System32\IMM32.DLL
0x0000000071060000 - 0x0000000071132000 	C:\Program Files\Java\jre1.8.0_251\bin\msvcr100.dll
0x0000000071140000 - 0x00000000719eb000 	C:\Program Files\Java\jre1.8.0_251\bin\server\jvm.dll
0x00007ffe19660000 - 0x00007ffe19668000 	C:\windows\System32\PSAPI.DLL
0x00007ffe07880000 - 0x00007ffe07889000 	C:\windows\SYSTEM32\WSOCK32.dll
0x00007ffe0e220000 - 0x00007ffe0e22a000 	C:\windows\SYSTEM32\VERSION.dll
0x00007ffe18870000 - 0x00007ffe188df000 	C:\windows\System32\WS2_32.dll
0x00007ffe08ed0000 - 0x00007ffe08ef4000 	C:\windows\SYSTEM32\WINMM.dll
0x00007ffe08d40000 - 0x00007ffe08d6d000 	C:\windows\SYSTEM32\WINMMBASE.dll
0x00007ffe16d70000 - 0x00007ffe16dba000 	C:\windows\System32\cfgmgr32.dll
0x00007ffdfecb0000 - 0x00007ffdfecbf000 	C:\Program Files\Java\jre1.8.0_251\bin\verify.dll
0x00007ffde0210000 - 0x00007ffde0239000 	C:\Program Files\Java\jre1.8.0_251\bin\java.dll
0x00007ffdf9260000 - 0x00007ffdf9276000 	C:\Program Files\Java\jre1.8.0_251\bin\zip.dll
0x00007ffe18c20000 - 0x00007ffe19304000 	C:\windows\System32\SHELL32.dll
0x00007ffe19750000 - 0x00007ffe197f9000 	C:\windows\System32\shcore.dll
0x00007ffe17250000 - 0x00007ffe179ce000 	C:\windows\System32\windows.storage.dll
0x00007ffe16bd0000 - 0x00007ffe16bf3000 	C:\windows\System32\profapi.dll
0x00007ffe16c20000 - 0x00007ffe16c6a000 	C:\windows\System32\powrprof.dll
0x00007ffe16ba0000 - 0x00007ffe16bb0000 	C:\windows\System32\UMPDC.dll
0x00007ffe19670000 - 0x00007ffe196c2000 	C:\windows\System32\shlwapi.dll
0x00007ffe16c00000 - 0x00007ffe16c11000 	C:\windows\System32\kernel.appcore.dll
0x00007ffe179d0000 - 0x00007ffe179e7000 	C:\windows\System32\cryptsp.dll
0x00007ffdd0460000 - 0x00007ffdd05fa000 	C:\Program Files\Java\jre1.8.0_251\bin\awt.dll
0x00007ffe180d0000 - 0x00007ffe18194000 	C:\windows\System32\OLEAUT32.dll
0x00007ffe10480000 - 0x00007ffe1050f000 	C:\windows\SYSTEM32\apphelp.dll

VM Arguments:
jvm_args: -Dfile.encoding=Cp1252 
java_command: Visualizer
java_class_path (initial): C:\Users\hudspecj\git\CSSE230-Project\bin
Launcher Type: SUN_STANDARD

Environment Variables:
PATH=C:/Program Files/Java/jre1.8.0_251/bin/server;C:/Program Files/Java/jre1.8.0_251/bin;C:/Program Files/Java/jre1.8.0_251/lib/amd64;C:\Program Files (x86)\Common Files\Oracle\Java\javapath;C:\Program Files\VanDyke Software\Clients\;C:\windows\system32;C:\windows;C:\windows\System32\Wbem;C:\windows\System32\WindowsPowerShell\v1.0\;C:\windows\System32\OpenSSH\;C:\Program Files\MATLAB\R2019a\runtime\win64;C:\Program Files\MATLAB\R2019a\bin;C:\Program Files\Microsoft SQL Server\Client SDK\ODBC\110\Tools\Binn\;C:\Program Files (x86)\Microsoft SQL Server\120\Tools\Binn\;C:\Program Files\Microsoft SQL Server\120\Tools\Binn\;C:\Program Files\Microsoft SQL Server\120\DTS\Binn\;C:\Program Files (x86)\Windows Kits\8.1\Windows Performance Toolkit\;C:\Users\hudspecj\Downloads\;C:\Users\hudspecj\AppData\Local\Microsoft\WindowsApps;C:\Users\hudspecj\AppData\Local\Programs\Git\cmd;C:\Users\hudspecj\Desktop;
USERNAME=hudspecj
OS=Windows_NT
PROCESSOR_IDENTIFIER=Intel64 Family 6 Model 158 Stepping 9, GenuineIntel



---------------  S Y S T E M  ---------------

OS: Windows 10.0 , 64 bit Build 18362 (10.0.18362.778)

CPU:total 8 (initial active 8) (4 cores per cpu, 2 threads per core) family 6 model 158 stepping 9, cmov, cx8, fxsr, mmx, sse, sse2, sse3, ssse3, sse4.1, sse4.2, popcnt, avx, avx2, aes, clmul, erms, rtm, 3dnowpref, lzcnt, ht, tsc, tscinvbit, bmi1, bmi2, adx

Memory: 4k page, physical 16653520k(5913204k free), swap 36649880k(3412k free)

vm_info: Java HotSpot(TM) 64-Bit Server VM (25.251-b08) for windows-amd64 JRE (1.8.0_251-b08), built on Mar 12 2020 06:31:49 by "" with MS VC++ 10.0 (VS2010)

time: Fri May 22 01:57:00 2020
timezone: Eastern Daylight Time
elapsed time: 0 seconds (0d 0h 0m 0s)

